<?xml version="1.0" encoding="UTF-8"?>
<!-- Generated by org.testng.reporters.JUnitReportReporter -->
<testsuite hostname="FFE-Tushar-Tiwari" failures="0" tests="4" name="projectCrudWithReqChaining.CRUD_PJT_Test" time="3.842" errors="0" timestamp="2026-08-13T17:19:46 IST" skipped="0">
  <testcase classname="projectCrudWithReqChaining.CRUD_PJT_Test" name="createProject" time="3.581"/>
  <testcase classname="projectCrudWithReqChaining.CRUD_PJT_Test" name="getProjectDetails" time="0.083"/>
  <testcase classname="projectCrudWithReqChaining.CRUD_PJT_Test" name="updateProject" time="0.110"/>
  <testcase classname="projectCrudWithReqChaining.CRUD_PJT_Test" name="deleteProject" time="0.068"/>
</testsuite> <!-- projectCrudWithReqChaining.CRUD_PJT_Test -->
